[INFO] Scanning for projects...
[INFO] Artifact org.jenkins-ci.tools:maven-hpi-plugin:pom:3.53 is present in the local repository, but cached from a remote repository ID that is unavailable in current build context, verifying that is downloadable from [incrementals (https://repo.jenkins-ci.org/incrementals/, default, releases), central (https://repo.maven.apache.org/maven2, default, releases)]
[INFO] Artifact org.jenkins-ci.tools:maven-hpi-plugin:pom:3.53 is present in the local repository, but cached from a remote repository ID that is unavailable in current build context, verifying that is downloadable from [incrementals (https://repo.jenkins-ci.org/incrementals/, default, releases), central (https://repo.maven.apache.org/maven2, default, releases)]
[WARNING] The POM for org.jenkins-ci.tools:maven-hpi-plugin:jar:3.53 is missing, no dependency information available
[INFO] Artifact org.jenkins-ci.tools:maven-hpi-plugin:jar:3.53 is present in the local repository, but cached from a remote repository ID that is unavailable in current build context, verifying that is downloadable from [incrementals (https://repo.jenkins-ci.org/incrementals/, default, releases), central (https://repo.maven.apache.org/maven2, default, releases)]
[INFO] Artifact org.jenkins-ci.tools:maven-hpi-plugin:jar:3.53 is present in the local repository, but cached from a remote repository ID that is unavailable in current build context, verifying that is downloadable from [incrementals (https://repo.jenkins-ci.org/incrementals/, default, releases), central (https://repo.maven.apache.org/maven2, default, releases)]
[WARNING] Failed to build parent project for org.jenkins-ci.plugins:git-client:hpi:4.7.1-SNAPSHOT
[INFO] 
[INFO] -----------------< org.jenkins-ci.plugins:git-client >------------------
[INFO] Building Jenkins Git client plugin 4.7.1-SNAPSHOT
[INFO]   from pom.xml
[INFO] --------------------------------[ hpi ]---------------------------------
[INFO] 
[INFO] --- hpi:3.53:validate (default-validate) @ git-client ---
[INFO] Created marker file C:\Users\chrisherczeg\SWEngineering\Final\git-cilent-plugin-benchmark\GCP_Perf\target\java-level\11
[INFO] 
[INFO] --- hpi:3.53:validate-hpi (default-validate-hpi) @ git-client ---
[INFO] 
[INFO] --- enforcer:3.4.1:enforce (display-info) @ git-client ---
[INFO] Rule 0: io.jenkins.tools.incrementals.enforcer.RequireExtensionVersion passed
[INFO] Rule 1: org.apache.maven.enforcer.rules.version.RequireMavenVersion passed
[INFO] Rule 2: org.apache.maven.enforcer.rules.version.RequireJavaVersion passed
[INFO] Rule 3: org.codehaus.mojo.extraenforcer.dependencies.EnforceBytecodeVersion passed
[INFO] Rule 4: org.apache.maven.enforcer.rules.dependency.BannedDependencies passed
[INFO] Ignoring requireUpperBoundDeps in com.google.code.findbugs:jsr305
[INFO] Rule 5: org.apache.maven.enforcer.rules.dependency.RequireUpperBoundDeps passed
[INFO] 
[INFO] --- enforcer:3.4.1:enforce (no-snapshots-in-release) @ git-client ---
[INFO] Rule 0: org.apache.maven.enforcer.rules.dependency.RequireReleaseDeps passed
[INFO] 
[INFO] --- localizer:1.31:generate (default) @ git-client ---
[INFO] 
[INFO] --- resources:3.3.1:resources (default-resources) @ git-client ---
[INFO] Copying 23 resources from src\main\resources to target\classes
[INFO] 
[INFO] --- flatten:1.6.0:flatten (flatten) @ git-client ---
[INFO] Generating flattened POM of project org.jenkins-ci.plugins:git-client:hpi:4.7.1-SNAPSHOT...
[INFO] 
[INFO] --- compiler:3.11.0:compile (default-compile) @ git-client ---
[INFO] Changes detected - recompiling the module! :source
[INFO] Compiling 65 source files with javac [debug release 11] to target\classes
[INFO] org.jenkinsci.plugins.gitclient.verifier.AcceptFirstConnectionStrategy.AcceptFirstConnectionStrategyDescriptor indexed under hudson.Extension
[INFO] org.jenkinsci.plugins.gitclient.JGitTool.DescriptorImpl indexed under hudson.Extension
[INFO] org.jenkinsci.plugins.gitclient.GitHostKeyVerificationConfiguration indexed under hudson.Extension
[INFO] hudson.plugins.git.GitTool.DescriptorImpl indexed under hudson.Extension
[INFO] org.jenkinsci.plugins.gitclient.JGitApacheTool.DescriptorImpl indexed under hudson.Extension
[INFO] org.jenkinsci.plugins.gitclient.verifier.ManuallyProvidedKeyVerificationStrategy.ManuallyTrustedKeyVerificationStrategyDescriptor indexed under hudson.Extension
[INFO] org.jenkinsci.plugins.gitclient.verifier.NoHostKeyVerificationStrategy indexed under hudson.Extension
[INFO] org.jenkinsci.plugins.gitclient.verifier.NoHostKeyVerificationStrategy.NoHostKeyVerificationStrategyDescriptor indexed under hudson.Extension
[INFO] org.jenkinsci.plugins.gitclient.GitToolConfigurator indexed under hudson.Extension
[INFO] org.jenkinsci.plugins.gitclient.verifier.KnownHostsFileVerificationStrategy.KnownHostsFileVerificationStrategyDescriptor indexed under hudson.Extension
[INFO] /C:/Users/chrisherczeg/SWEngineering/Final/git-cilent-plugin-benchmark/GCP_Perf/src/main/java/org/jenkinsci/plugins/gitclient/GitClient.java: Some input files use or override a deprecated API.
[INFO] /C:/Users/chrisherczeg/SWEngineering/Final/git-cilent-plugin-benchmark/GCP_Perf/src/main/java/org/jenkinsci/plugins/gitclient/GitClient.java: Recompile with -Xlint:deprecation for details.
[INFO] /C:/Users/chrisherczeg/SWEngineering/Final/git-cilent-plugin-benchmark/GCP_Perf/src/main/java/org/jenkinsci/plugins/gitclient/verifier/SshHostKeyVerificationStrategy.java: Some input files use unchecked or unsafe operations.
[INFO] /C:/Users/chrisherczeg/SWEngineering/Final/git-cilent-plugin-benchmark/GCP_Perf/src/main/java/org/jenkinsci/plugins/gitclient/verifier/SshHostKeyVerificationStrategy.java: Recompile with -Xlint:unchecked for details.
[INFO] 
[INFO] --- access-modifier-checker:1.33:enforce (default-enforce) @ git-client ---
[INFO] 
[INFO] --- hpi:3.53:insert-test (default-insert-test) @ git-client ---
[INFO] 
[INFO] --- antrun:3.1.0:run (createTempDir) @ git-client ---
[INFO] Executing tasks
[INFO]     [mkdir] Created dir: C:\Users\chrisherczeg\SWEngineering\Final\git-cilent-plugin-benchmark\GCP_Perf\target\tmp
[INFO] Executed tasks
[INFO] 
[INFO] --- resources:3.3.1:testResources (default-testResources) @ git-client ---
[INFO] Copying 12 resources from src\test\resources to target\test-classes
[INFO] 
[INFO] --- compiler:3.11.0:testCompile (default-testCompile) @ git-client ---
[INFO] Changes detected - recompiling the module! :dependency
[INFO] Compiling 72 source files with javac [debug release 11] to target\test-classes
[INFO] /C:/Users/chrisherczeg/SWEngineering/Final/git-cilent-plugin-benchmark/GCP_Perf/src/test/java/org/jenkinsci/plugins/gitclient/GitAPITest.java: Some input files use or override a deprecated API.
[INFO] /C:/Users/chrisherczeg/SWEngineering/Final/git-cilent-plugin-benchmark/GCP_Perf/src/test/java/org/jenkinsci/plugins/gitclient/GitAPITest.java: Recompile with -Xlint:deprecation for details.
[INFO] /C:/Users/chrisherczeg/SWEngineering/Final/git-cilent-plugin-benchmark/GCP_Perf/src/test/java/org/jenkinsci/plugins/gitclient/LegacyCompatibleGitAPIImplTest.java: Some input files use unchecked or unsafe operations.
[INFO] /C:/Users/chrisherczeg/SWEngineering/Final/git-cilent-plugin-benchmark/GCP_Perf/src/test/java/org/jenkinsci/plugins/gitclient/LegacyCompatibleGitAPIImplTest.java: Recompile with -Xlint:unchecked for details.
[INFO] -------------------------------------------------------------
[ERROR] COMPILATION ERROR : 
[INFO] -------------------------------------------------------------
[ERROR] /C:/Users/chrisherczeg/SWEngineering/Final/git-cilent-plugin-benchmark/GCP_Perf/src/test/java/org/jenkinsci/plugins/gitclient/GitAPITest.java:[11,46] cannot access org.jenkinsci.plugins.gitclient.GitAPITest
  bad source file: C:\Users\chrisherczeg\SWEngineering\Final\git-cilent-plugin-benchmark\GCP_Perf\src\test\java\org\jenkinsci\plugins\gitclient\GitAPITest.java
    file does not contain class org.jenkinsci.plugins.gitclient.GitAPITest
    Please remove or make sure it appears in the correct subdirectory of the sourcepath.
[ERROR] /C:/Users/chrisherczeg/SWEngineering/Final/git-cilent-plugin-benchmark/GCP_Perf/src/test/java/org/jenkinsci/plugins/gitclient/GitAPITest.java:[59,17] class GitAPITestUpdate is public, should be declared in a file named GitAPITestUpdate.java
[ERROR] /C:/Users/chrisherczeg/SWEngineering/Final/git-cilent-plugin-benchmark/GCP_Perf/src/test/java/org/jenkinsci/plugins/gitclient/GitAPITest.java:[11,1] cannot find symbol
  symbol:   static getConfigNoSystemEnvVars
  location: class org.jenkinsci.plugins.gitclient.GitAPITest
[ERROR] /C:/Users/chrisherczeg/SWEngineering/Final/git-cilent-plugin-benchmark/GCP_Perf/src/test/java/org/jenkinsci/plugins/gitclient/FilePermissionsTest.java:[3,1] static import only from classes and interfaces
[ERROR] /C:/Users/chrisherczeg/SWEngineering/Final/git-cilent-plugin-benchmark/GCP_Perf/src/test/java/org/jenkinsci/plugins/gitclient/GitAPITest.java:[81,36] cannot find symbol
  symbol:   method getConfigNoSystemEnvVars()
  location: class org.jenkinsci.plugins.gitclient.GitAPITestUpdate
[ERROR] /C:/Users/chrisherczeg/SWEngineering/Final/git-cilent-plugin-benchmark/GCP_Perf/src/test/java/org/jenkinsci/plugins/gitclient/FilePermissionsTest.java:[76,63] cannot find symbol
  symbol:   method getConfigNoSystemEnvVars()
  location: class org.jenkinsci.plugins.gitclient.FilePermissionsTest
[ERROR] /C:/Users/chrisherczeg/SWEngineering/Final/git-cilent-plugin-benchmark/GCP_Perf/src/test/java/org/jenkinsci/plugins/gitclient/FilePermissionsTest.java:[182,44] cannot find symbol
  symbol:   method getConfigNoSystemEnvVars()
  location: class org.jenkinsci.plugins.gitclient.FilePermissionsTest
[ERROR] /C:/Users/chrisherczeg/SWEngineering/Final/git-cilent-plugin-benchmark/GCP_Perf/src/test/java/org/jenkinsci/plugins/gitclient/FilePermissionsTest.java:[198,44] cannot find symbol
  symbol:   method getConfigNoSystemEnvVars()
  location: class org.jenkinsci.plugins.gitclient.FilePermissionsTest
[INFO] 8 errors 
[INFO] -------------------------------------------------------------
[INFO] ------------------------------------------------------------------------
[INFO] BUILD FAILURE
[INFO] ------------------------------------------------------------------------
[INFO] Total time:  18.616 s
[INFO] Finished at: 2024-04-17T17:44:55-05:00
[INFO] ------------------------------------------------------------------------
[ERROR] Failed to execute goal org.apache.maven.plugins:maven-compiler-plugin:3.11.0:testCompile (default-testCompile) on project git-client: Compilation failure: Compilation failure: 
[ERROR] /C:/Users/chrisherczeg/SWEngineering/Final/git-cilent-plugin-benchmark/GCP_Perf/src/test/java/org/jenkinsci/plugins/gitclient/GitAPITest.java:[11,46] cannot access org.jenkinsci.plugins.gitclient.GitAPITest
[ERROR]   bad source file: C:\Users\chrisherczeg\SWEngineering\Final\git-cilent-plugin-benchmark\GCP_Perf\src\test\java\org\jenkinsci\plugins\gitclient\GitAPITest.java
[ERROR]     file does not contain class org.jenkinsci.plugins.gitclient.GitAPITest
[ERROR]     Please remove or make sure it appears in the correct subdirectory of the sourcepath.
[ERROR] /C:/Users/chrisherczeg/SWEngineering/Final/git-cilent-plugin-benchmark/GCP_Perf/src/test/java/org/jenkinsci/plugins/gitclient/GitAPITest.java:[59,17] class GitAPITestUpdate is public, should be declared in a file named GitAPITestUpdate.java
[ERROR] /C:/Users/chrisherczeg/SWEngineering/Final/git-cilent-plugin-benchmark/GCP_Perf/src/test/java/org/jenkinsci/plugins/gitclient/GitAPITest.java:[11,1] cannot find symbol
[ERROR]   symbol:   static getConfigNoSystemEnvVars
[ERROR]   location: class org.jenkinsci.plugins.gitclient.GitAPITest
[ERROR] /C:/Users/chrisherczeg/SWEngineering/Final/git-cilent-plugin-benchmark/GCP_Perf/src/test/java/org/jenkinsci/plugins/gitclient/FilePermissionsTest.java:[3,1] static import only from classes and interfaces
[ERROR] /C:/Users/chrisherczeg/SWEngineering/Final/git-cilent-plugin-benchmark/GCP_Perf/src/test/java/org/jenkinsci/plugins/gitclient/GitAPITest.java:[81,36] cannot find symbol
[ERROR]   symbol:   method getConfigNoSystemEnvVars()
[ERROR]   location: class org.jenkinsci.plugins.gitclient.GitAPITestUpdate
[ERROR] /C:/Users/chrisherczeg/SWEngineering/Final/git-cilent-plugin-benchmark/GCP_Perf/src/test/java/org/jenkinsci/plugins/gitclient/FilePermissionsTest.java:[76,63] cannot find symbol
[ERROR]   symbol:   method getConfigNoSystemEnvVars()
[ERROR]   location: class org.jenkinsci.plugins.gitclient.FilePermissionsTest
[ERROR] /C:/Users/chrisherczeg/SWEngineering/Final/git-cilent-plugin-benchmark/GCP_Perf/src/test/java/org/jenkinsci/plugins/gitclient/FilePermissionsTest.java:[182,44] cannot find symbol
[ERROR]   symbol:   method getConfigNoSystemEnvVars()
[ERROR]   location: class org.jenkinsci.plugins.gitclient.FilePermissionsTest
[ERROR] /C:/Users/chrisherczeg/SWEngineering/Final/git-cilent-plugin-benchmark/GCP_Perf/src/test/java/org/jenkinsci/plugins/gitclient/FilePermissionsTest.java:[198,44] cannot find symbol
[ERROR]   symbol:   method getConfigNoSystemEnvVars()
[ERROR]   location: class org.jenkinsci.plugins.gitclient.FilePermissionsTest
[ERROR] -> [Help 1]
[ERROR] 
[ERROR] To see the full stack trace of the errors, re-run Maven with the -e switch.
[ERROR] Re-run Maven using the -X switch to enable full debug logging.
[ERROR] 
[ERROR] For more information about the errors and possible solutions, please read the following articles:
[ERROR] [Help 1] http://cwiki.apache.org/confluence/display/MAVEN/MojoFailureException
